\BOOKMARK [0][-]{section*.1}{Indhold}{}% 1
\BOOKMARK [0][-]{chapter.1}{Indledning}{}% 2
\BOOKMARK [1][-]{section.1.1}{Projektformulering}{chapter.1}% 3
\BOOKMARK [0][-]{chapter.2}{Kravspecifikation}{}% 4
\BOOKMARK [1][-]{section.2.1}{Usecase Diagram}{chapter.2}% 5
\BOOKMARK [1][-]{section.2.2}{Use-Cases}{chapter.2}% 6
\BOOKMARK [1][-]{section.2.3}{Ikke-funktionelle krav}{chapter.2}% 7
\BOOKMARK [0][-]{chapter.3}{Accepttest Specifikation}{}% 8
\BOOKMARK [1][-]{section.3.1}{Test af Use-case 1}{chapter.3}% 9
\BOOKMARK [1][-]{section.3.2}{Test af use-case 2}{chapter.3}% 10
\BOOKMARK [1][-]{section.3.3}{Test af Use-case 3}{chapter.3}% 11
\BOOKMARK [1][-]{section.3.4}{Test ikke-funktionelle krav}{chapter.3}% 12
\BOOKMARK [0][-]{chapter.4}{System Arkitektur}{}% 13
\BOOKMARK [1][-]{section.4.1}{System Sekvens Diagrammer}{chapter.4}% 14
\BOOKMARK [0][-]{chapter.5}{Hardware Arkitektur}{}% 15
\BOOKMARK [1][-]{section.5.1}{Block Definition Diagram}{chapter.5}% 16
\BOOKMARK [1][-]{section.5.2}{Internal Block Diagram}{chapter.5}% 17
\BOOKMARK [0][-]{chapter.6}{Software Arkitektur}{}% 18
\BOOKMARK [1][-]{section.6.1}{CPU matrix}{chapter.6}% 19
\BOOKMARK [1][-]{section.6.2}{UC1: \305bn vinflaske}{chapter.6}% 20
\BOOKMARK [1][-]{section.6.3}{UC2: Planl\346g \345bning}{chapter.6}% 21
\BOOKMARK [1][-]{section.6.4}{UC3: Indstil tid}{chapter.6}% 22
